2025-04-03 16:33:32 | INFO     | __main__:main:10 - Запуск бота...
2025-04-03 16:33:32 | INFO     | games.darts:__init__:13 - Инициализация игры в дартс
2025-04-03 16:33:32 | INFO     | __main__:main:27 - Бот запущен и готов к работе
2025-04-03 16:34:52 | INFO     | __main__:main:10 - Запуск бота...
2025-04-03 16:34:52 | INFO     | games.darts:__init__:13 - Инициализация игры в дартс
2025-04-03 16:34:52 | INFO     | __main__:main:27 - Бот запущен и готов к работе
2025-04-03 16:34:58 | SUCCESS  | games.base:process_win:31 - Пользователь 1669168835 выиграл 1.6 монет (ставка: 1.0)
2025-04-03 16:35:26 | SUCCESS  | games.base:process_win:31 - Пользователь 1669168835 выиграл 1.6 монет (ставка: 1.0)
2025-04-03 16:38:24 | SUCCESS  | payment.crypto:create_invoice:17 - Счет успешно создан для пользователя 1669168835: 5.0 USDT
2025-04-03 16:38:24 | ERROR    | payment.crypto:create_invoice:23 - Ошибка при создании счета для пользователя 1669168835: 'Invoice' object has no attribute 'url'
2025-04-03 16:38:24 | ERROR    | handlers.commands:cmd_upbalance:76 - Ошибка при создании счета для пользователя 1669168835: 5.0 USDT
2025-04-03 16:39:20 | INFO     | __main__:main:10 - Запуск бота...
2025-04-03 16:39:20 | INFO     | games.darts:__init__:13 - Инициализация игры в дартс
2025-04-03 16:39:20 | INFO     | __main__:main:22 - Бот запущен и готов к работе
2025-04-03 16:39:22 | SUCCESS  | payment.crypto:create_invoice:17 - Счет успешно создан для пользователя 1669168835: 5.0 USDT
2025-04-03 16:40:04 | INFO     | __main__:main:10 - Запуск бота...
2025-04-03 16:40:04 | INFO     | games.darts:__init__:13 - Инициализация игры в дартс
2025-04-03 16:40:04 | INFO     | __main__:main:22 - Бот запущен и готов к работе
2025-04-03 16:40:10 | SUCCESS  | payment.crypto:create_invoice:17 - Счет успешно создан для пользователя 1669168835: 5.0 USDT
2025-04-03 16:40:24 | INFO     | __main__:main:10 - Запуск бота...
2025-04-03 16:40:24 | INFO     | games.darts:__init__:13 - Инициализация игры в дартс
2025-04-03 16:40:24 | INFO     | __main__:main:22 - Бот запущен и готов к работе
2025-04-03 16:40:27 | SUCCESS  | payment.crypto:create_invoice:17 - Счет успешно создан для пользователя 1669168835: 5.0 USDT
2025-04-03 16:42:21 | INFO     | __main__:main:10 - Запуск бота...
2025-04-03 16:42:21 | INFO     | games.darts:__init__:13 - Инициализация игры в дартс
2025-04-03 16:42:21 | INFO     | __main__:main:22 - Бот запущен и готов к работе
2025-04-03 16:42:24 | SUCCESS  | payment.crypto:create_invoice:23 - Счет успешно создан для пользователя 1669168835: 5.0 USDT
2025-04-03 16:42:24 | ERROR    | payment.crypto:create_invoice:30 - Ошибка при создании счета для пользователя 1669168835: 'Invoice' object has no attribute 'url'
2025-04-03 16:42:24 | ERROR    | handlers.commands:cmd_upbalance:80 - Ошибка при создании счета для пользователя 1669168835: 5.0 USDT
2025-04-03 16:42:43 | INFO     | __main__:main:10 - Запуск бота...
2025-04-03 16:42:43 | INFO     | games.darts:__init__:13 - Инициализация игры в дартс
2025-04-03 16:42:43 | INFO     | __main__:main:22 - Бот запущен и готов к работе
2025-04-03 16:42:47 | SUCCESS  | payment.crypto:create_invoice:23 - Счет успешно создан для пользователя 1669168835: 5.0 USDT
2025-04-03 16:42:53 | SUCCESS  | payment.crypto:check_payment:40 - Платеж по счету 614833 успешно подтвержден
